<?xml version="1.0" encoding="UTF-8"?>
<!-- Generated by org.testng.reporters.JUnitReportReporter -->
<testsuite skipped="0" hostname="DESKTOP-MG72T5L" name="com.juso.ba.UnitTest_HelloWorld.AppTest" tests="1" failures="0" timestamp="04 Jul 2019 07:12:51 GMT" time="9.528" errors="0">
  <testcase name="unitTest" time="9.528" classname="com.juso.ba.UnitTest_HelloWorld.AppTest"/>
</testsuite> <!-- com.juso.ba.UnitTest_HelloWorld.AppTest -->
